<?xml version="1.0" encoding="UTF-8"?>
<testsuite xmlns:xsi="http://www.w3.org/2001/XMLSchema-instance" xsi:noNamespaceSchemaLocation="https://maven.apache.org/surefire/maven-surefire-plugin/xsd/surefire-test-report-3.0.xsd" version="3.0" name="com.example.AppTest" time="0.02" tests="1" errors="0" skipped="0" failures="0">
  <properties>
    <property name="java.specification.version" value="17"/>
    <property name="sun.cpu.isalist" value="amd64"/>
    <property name="sun.jnu.encoding" value="Cp1252"/>
    <property name="java.class.path" value="D:\Shashwat\Sem5\DevOps\Lab6\maven-devops\my-maven-app\target\test-classes;D:\Shashwat\Sem5\DevOps\Lab6\maven-devops\my-maven-app\target\classes;C:\Users\shweta\.m2\repository\junit\junit\3.8.1\junit-3.8.1.jar;"/>
    <property name="java.vm.vendor" value="Oracle Corporation"/>
    <property name="sun.arch.data.model" value="64"/>
    <property name="user.variant" value=""/>
    <property name="java.vendor.url" value="https://java.oracle.com/"/>
    <property name="user.timezone" value="Asia/Calcutta"/>
    <property name="os.name" value="Windows 11"/>
    <property name="java.vm.specification.version" value="17"/>
    <property name="sun.java.launcher" value="SUN_STANDARD"/>
    <property name="user.country" value="IN"/>
    <property name="sun.boot.library.path" value="C:\Program Files\Java\jdk-17\bin"/>
    <property name="sun.java.command" value="C:\Users\shweta\AppData\Local\Temp\surefire7135408219396590197\surefirebooter-20230911002140075_3.jar C:\Users\shweta\AppData\Local\Temp\surefire7135408219396590197 2023-09-11T00-21-39_617-jvmRun1 surefire-20230911002140075_1tmp surefire_0-20230911002140075_2tmp"/>
    <property name="jdk.debug" value="release"/>
    <property name="surefire.test.class.path" value="D:\Shashwat\Sem5\DevOps\Lab6\maven-devops\my-maven-app\target\test-classes;D:\Shashwat\Sem5\DevOps\Lab6\maven-devops\my-maven-app\target\classes;C:\Users\shweta\.m2\repository\junit\junit\3.8.1\junit-3.8.1.jar;"/>
    <property name="sun.cpu.endian" value="little"/>
    <property name="user.home" value="C:\Users\shweta"/>
    <property name="user.language" value="en"/>
    <property name="java.specification.vendor" value="Oracle Corporation"/>
    <property name="java.version.date" value="2023-04-18"/>
    <property name="java.home" value="C:\Program Files\Java\jdk-17"/>
    <property name="file.separator" value="\"/>
    <property name="basedir" value="D:\Shashwat\Sem5\DevOps\Lab6\maven-devops\my-maven-app"/>
    <property name="java.vm.compressedOopsMode" value="32-bit"/>
    <property name="line.separator" value="&#10;"/>
    <property name="java.vm.specification.vendor" value="Oracle Corporation"/>
    <property name="java.specification.name" value="Java Platform API Specification"/>
    <property name="surefire.real.class.path" value="C:\Users\shweta\AppData\Local\Temp\surefire7135408219396590197\surefirebooter-20230911002140075_3.jar"/>
    <property name="user.script" value=""/>
    <property name="sun.management.compiler" value="HotSpot 64-Bit Tiered Compilers"/>
    <property name="java.runtime.version" value="17.0.7+8-LTS-224"/>
    <property name="user.name" value="shweta"/>
    <property name="path.separator" value=";"/>
    <property name="os.version" value="10.0"/>
    <property name="java.runtime.name" value="Java(TM) SE Runtime Environment"/>
    <property name="file.encoding" value="Cp1252"/>
    <property name="java.vm.name" value="Java HotSpot(TM) 64-Bit Server VM"/>
    <property name="localRepository" value="C:\Users\shweta\.m2\repository"/>
    <property name="java.vendor.url.bug" value="https://bugreport.java.com/bugreport/"/>
    <property name="java.io.tmpdir" value="C:\Users\shweta\AppData\Local\Temp\"/>
    <property name="java.version" value="17.0.7"/>
    <property name="user.dir" value="D:\Shashwat\Sem5\DevOps\Lab6\maven-devops\my-maven-app"/>
    <property name="os.arch" value="amd64"/>
    <property name="java.vm.specification.name" value="Java Virtual Machine Specification"/>
    <property name="sun.os.patch.level" value=""/>
    <property name="native.encoding" value="Cp1252"/>
    <property name="java.library.path" value="C:\Program Files\Java\jdk-17\bin;C:\WINDOWS\Sun\Java\bin;C:\WINDOWS\system32;C:\WINDOWS;C:\Program Files\Git\mingw64\bin;C:\Program Files\Git\usr\bin;C:\Users\shweta\bin;C:\Program Files\Common Files\Oracle\Java\javapath;C:\Program Files (x86)\Common Files\Oracle\Java\javapath;C:\Program Files (x86)\VMware\VMware Player\bin;C:\Program Files\Git\cmd;C:\xampp\php;C:\ProgramData\ComposerSetup\bin;C:\sqlite-tools-win32-x86-3410000;C:\Program Files\PuTTY;C:\Program Files\nodejs;C:\Windows\System32;C:\Program Files\Docker\Docker\resources\bin;C:\Program Files\dotnet;C:\Program Files\Maven\apache-maven-3.9.4\bin;C:\Program Files\MySQL\MySQL Shell 8.0\bin;C:\Users\shweta\AppData\Local\Programs\Python\Python310\Scripts;C:\Users\shweta\AppData\Local\Programs\Python\Python310;C:\Users\shweta\.cargo\bin;C:\Users\shweta\AppData\Local\Microsoft\WindowsApps;C:\Users\shweta\go\bin;C:\Users\shweta\AppData\Local\JetBrains\Toolbox\scripts;C:\ghcup\bin;C:\Users\shweta\AppData\Local\Microsoft\WindowsApps;C:\Users\shweta\AppData\Roaming\Composer\vendor\bin;C:\Users\shweta\AppData\Local\Programs\Microsoft VS Code\bin;C:\Users\shweta\AppData\Roaming\npm;."/>
    <property name="java.vm.info" value="mixed mode, sharing"/>
    <property name="java.vendor" value="Oracle Corporation"/>
    <property name="java.vm.version" value="17.0.7+8-LTS-224"/>
    <property name="sun.io.unicode.encoding" value="UnicodeLittle"/>
    <property name="java.class.version" value="61.0"/>
  </properties>
  <testcase name="testApp" classname="com.example.AppTest" time="0.011"/>
</testsuite>